<?xml version="1.0" encoding="UTF-8"?>
<!-- Generated by org.testng.reporters.JUnitXMLReporter -->
<testsuite ignored="0" hostname="Zeyneps-MacBook-Pro.local" failures="0" tests="2" name="Surefire test" time="9.321" errors="0" timestamp="2024-03-29T15:39:43 TRT">
  <testcase classname="io.cucumber.testng.AbstractTestNGCucumberTests" name="runScenario" time="6.351"/>
  <testcase classname="io.cucumber.testng.AbstractTestNGCucumberTests" name="runScenario" time="2.674"/>
</testsuite> <!-- Surefire test -->
