<?xml version="1.0" encoding="UTF-8"?>
<!-- Generated by org.testng.reporters.JUnitXMLReporter -->
<testsuite ignored="0" hostname="Zeyneps-MacBook-Pro.local" failures="0" tests="2" name="Surefire test" time="7.563" errors="0" timestamp="2024-03-29T15:02:37 TRT">
  <testcase classname="io.cucumber.testng.AbstractTestNGCucumberTests" name="runScenario" time="5.106"/>
  <testcase classname="io.cucumber.testng.AbstractTestNGCucumberTests" name="runScenario" time="2.206"/>
</testsuite> <!-- Surefire test -->
