<?xml version="1.0" encoding="UTF-8"?>
<testsuite xmlns:xsi="http://www.w3.org/2001/XMLSchema-instance" xsi:noNamespaceSchemaLocation="https://maven.apache.org/surefire/maven-surefire-plugin/xsd/surefire-test-report-3.0.xsd" version="3.0" name="common.TestRunner" time="10.893" tests="2" errors="0" skipped="0" failures="0">
  <properties>
[...]
</properties>
  <testcase name="runScenario[&quot;Click on &quot;Click Me&quot; button and read the message&quot;, &quot;As a user I want to click buttons on the Buttons section of the Elements page&quot;](1)" classname="common.TestRunner" time="6.406">
    <system-out><![CDATA[
Scenario: Click on "Click Me" button and read the message &amp#27;[90m# src/test/resources/features/ElementsPage.feature:3&amp#27;[0m
  &amp#27;[32mGiven &amp#27;[0m&amp#27;[32mI open the elements page&amp#27;[0m                          &amp#27;[90m# steps.ElementsPageSteps.printDynamicMessageTest()&amp#27;[0m
  &amp#27;[32mWhen &amp#27;[0m&amp#27;[32mI click on Buttons button&amp#27;[0m                          &amp#27;[90m# steps.ElementsPageSteps.clickButtonsSection()&amp#27;[0m
  &amp#27;[32mAnd &amp#27;[0m&amp#27;[32mI click on the click me button&amp#27;[0m                      &amp#27;[90m# steps.ElementsPageSteps.clickButton()&amp#27;[0m
You have done a dynamic click
  &amp#27;[32mThen &amp#27;[0m&amp#27;[32mI should see the message&amp#27;[0m                           &amp#27;[90m# steps.ElementsPageSteps.iShouldSeeTheMessage()&amp#27;[0m
]]></system-out>
    <system-err><![CDATA[[main] INFO com.codeborne.selenide.impl.WebDriverThreadLocalContainer - No webdriver is bound to current thread: 1 - let's create a new webdriver
[main] INFO com.codeborne.selenide.impl.FileHelper - Creating folder: /Users/zeynepkazugirtine/jenkins-job/build/downloads/1711714636547_74618_1
Mar 29, 2024 3:17:19 PM org.openqa.selenium.devtools.CdpVersionFinder findNearestMatch
WARNING: Unable to find an exact match for CDP version 123, returning the closest version; found: 120; Please update to a Selenium version that supports CDP version 123
[main] INFO com.codeborne.selenide.webdriver.WebDriverFactory - BrowserName=chrome Version=123.0.6312.86 Platform=mac
[main] INFO com.codeborne.selenide.webdriver.WebDriverFactory - Selenide v. 7.1.0
[main] INFO com.codeborne.selenide.webdriver.WebDriverFactory - Selenium WebDriver v. 4.16.1 build revision: 9b4c83354e
[main] INFO com.codeborne.selenide.drivercommands.CreateDriverCommand - Created webdriver in thread 1: ChromeDriver -> ChromeDriver: chrome on mac (9058e6bc85238908095c5854059e0107), downloadsFolder: /Users/zeynepkazugirtine/jenkins-job/build/downloads/1711714636547_74618_1
[main] INFO com.codeborne.selenide.drivercommands.DisposablesRegistry - Register WebDriverInstance[config=StaticConfig, webDriver=ChromeDriver: chrome on mac (9058e6bc85238908095c5854059e0107), proxy=null, downloadsFolder=/Users/zeynepkazugirtine/jenkins-job/build/downloads/1711714636547_74618_1] in 1 [size=1]
[main] INFO com.codeborne.selenide.drivercommands.DisposablesRegistry - Add shutdown hook in 1 [size=1]
]]></system-err>
  </testcase>
  <testcase name="runScenario[&quot;Add a new entry and edit the newly added entry&quot;, &quot;As a user I want to add and edit entries in the web table on Web tables section&quot;](2)" classname="common.TestRunner" time="3.709">
    <system-out><![CDATA[
Scenario: Add a new entry and edit the newly added entry &amp#27;[90m# src/test/resources/features/WebTablesPage.feature:3&amp#27;[0m
  &amp#27;[32mGiven &amp#27;[0m&amp#27;[32mI open the web tables page&amp#27;[0m                       &amp#27;[90m# steps.WebTablesPageSteps.navigateAndAssert()&amp#27;[0m
  &amp#27;[32mWhen &amp#27;[0m&amp#27;[32mI add a new record&amp#27;[0m                                &amp#27;[90m# steps.WebTablesPageSteps.addNewRecord()&amp#27;[0m
  &amp#27;[32mThen &amp#27;[0m&amp#27;[32mI should see the newly added record in the table&amp#27;[0m  &amp#27;[90m# steps.WebTablesPageSteps.addedRecordIsVisible()&amp#27;[0m
  &amp#27;[32mWhen &amp#27;[0m&amp#27;[32mI edit the added record&amp#27;[0m                           &amp#27;[90m# steps.WebTablesPageSteps.editNewRecord()&amp#27;[0m
Field modified as: Jane
  &amp#27;[32mThen &amp#27;[0m&amp#27;[32mI should see the edited record in the table&amp#27;[0m       &amp#27;[90m# steps.WebTablesPageSteps.theRecordShouldBeUpdated()&amp#27;[0m
]]></system-out>
  </testcase>
</testsuite>