<?xml version="1.0" encoding="UTF-8"?>
<testng-results ignored="0" total="2" passed="2" failed="0" skipped="0">
  <reporter-output>
  </reporter-output>
  <suite started-at="2024-03-29T15:17:16 TRT" name="Surefire suite" finished-at="2024-03-29T15:17:26 TRT" duration-ms="10442">
    <groups>
      <group name="cucumber">
        <method signature="AbstractTestNGCucumberTests.runScenario(io.cucumber.testng.PickleWrapper,io.cucumber.testng.FeatureWrapper)[pri:0, instance:common.TestRunner@73700b80]" name="runScenario" class="io.cucumber.testng.AbstractTestNGCucumberTests"/>
      </group> <!-- cucumber -->
    </groups>
    <test started-at="2024-03-29T15:17:16 TRT" name="Surefire test" finished-at="2024-03-29T15:17:26 TRT" duration-ms="10442">
      <class name="common.TestRunner">
        <test-method is-config="true" signature="setUpClass(org.testng.ITestContext)[pri:0, instance:common.TestRunner@73700b80]" started-at="2024-03-29T15:17:16 TRT" name="setUpClass" finished-at="2024-03-29T15:17:16 TRT" duration-ms="235" status="PASS">
          <params>
            <param index="0">
              <value>
                <![CDATA[org.testng.TestRunner@63f9b562]]>
              </value>
            </param>
          </params>
          <reporter-output>
          </reporter-output>
        </test-method> <!-- setUpClass -->
        <test-method signature="runScenario(io.cucumber.testng.PickleWrapper,io.cucumber.testng.FeatureWrapper)[pri:0, instance:common.TestRunner@73700b80]" started-at="2024-03-29T15:17:16 TRT" name="runScenario" description="Runs Cucumber Scenarios" data-provider="scenarios" finished-at="2024-03-29T15:17:22 TRT" duration-ms="6400" status="PASS">
          <params>
            <param index="0">
              <value>
                <![CDATA["Click on "Click Me" button and read the message"]]>
              </value>
            </param>
            <param index="1">
              <value>
                <![CDATA["As a user I want to click buttons on the Buttons section of the Elements page"]]>
              </value>
            </param>
          </params>
          <reporter-output>
          </reporter-output>
        </test-method> <!-- runScenario -->
        <test-method signature="runScenario(io.cucumber.testng.PickleWrapper,io.cucumber.testng.FeatureWrapper)[pri:0, instance:common.TestRunner@73700b80]" started-at="2024-03-29T15:17:22 TRT" name="runScenario" description="Runs Cucumber Scenarios" data-provider="scenarios" finished-at="2024-03-29T15:17:26 TRT" duration-ms="3709" status="PASS">
          <params>
            <param index="0">
              <value>
                <![CDATA["Add a new entry and edit the newly added entry"]]>
              </value>
            </param>
            <param index="1">
              <value>
                <![CDATA["As a user I want to add and edit entries in the web table on Web tables section"]]>
              </value>
            </param>
          </params>
          <reporter-output>
          </reporter-output>
        </test-method> <!-- runScenario -->
        <test-method is-config="true" signature="tearDownClass()[pri:0, instance:common.TestRunner@73700b80]" started-at="2024-03-29T15:17:26 TRT" name="tearDownClass" finished-at="2024-03-29T15:17:26 TRT" duration-ms="60" status="PASS">
          <reporter-output>
          </reporter-output>
        </test-method> <!-- tearDownClass -->
      </class> <!-- common.TestRunner -->
    </test> <!-- Surefire test -->
  </suite> <!-- Surefire suite -->
</testng-results>
